<?xml version="1.0" encoding="UTF-8" ?>
<testsuite tests="2" failures="0" name="com.example.BookServiceTest" time="2.767" errors="0" skipped="0">
  <properties>
    <property name="idea.version" value="2021.1"/>
    <property name="java.runtime.name" value="Java(TM) SE Runtime Environment"/>
    <property name="sun.boot.library.path" value="D:\Applications\android\Java\jdk1.8.0_73\jre\bin"/>
    <property name="java.vm.version" value="25.73-b02"/>
    <property name="java.vm.vendor" value="Oracle Corporation"/>
    <property name="maven.multiModuleProjectDirectory" value="D:\Applications\JetBrains\project\pratice\maven_ssm"/>
    <property name="java.vendor.url" value="http://java.oracle.com/"/>
    <property name="path.separator" value=";"/>
    <property name="guice.disable.misplaced.annotation.check" value="true"/>
    <property name="java.vm.name" value="Java HotSpot(TM) 64-Bit Server VM"/>
    <property name="file.encoding.pkg" value="sun.io"/>
    <property name="user.script" value=""/>
    <property name="user.country" value="CN"/>
    <property name="sun.java.launcher" value="SUN_STANDARD"/>
    <property name="sun.os.patch.level" value=""/>
    <property name="java.vm.specification.name" value="Java Virtual Machine Specification"/>
    <property name="user.dir" value="D:\Applications\JetBrains\project\pratice\maven_ssm"/>
    <property name="java.runtime.version" value="1.8.0_73-b02"/>
    <property name="java.awt.graphicsenv" value="sun.awt.Win32GraphicsEnvironment"/>
    <property name="java.endorsed.dirs" value="D:\Applications\android\Java\jdk1.8.0_73\jre\lib\endorsed"/>
    <property name="os.arch" value="amd64"/>
    <property name="java.io.tmpdir" value="C:\Users\张丽璇\AppData\Local\Temp\"/>
    <property name="line.separator" value="
"/>
    <property name="java.vm.specification.vendor" value="Oracle Corporation"/>
    <property name="user.variant" value=""/>
    <property name="os.name" value="Windows 10"/>
    <property name="maven.ext.class.path" value="D:\Applications\JetBrains\IntelliJ IDEA 2021.1\plugins\maven\lib\maven-event-listener.jar"/>
    <property name="classworlds.conf" value="D:\Applications\maven\apache-maven-3.6.3\bin\m2.conf"/>
    <property name="sun.jnu.encoding" value="GBK"/>
    <property name="java.library.path" value="D:\Applications\android\Java\jdk1.8.0_73\bin;C:\WINDOWS\Sun\Java\bin;C:\WINDOWS\system32;C:\WINDOWS;D:\Applications\android\Java\jdk1.8.0_73\bin;C:\ProgramData\Oracle\Java\javapath;C:\WINDOWS\system32;C:\WINDOWS;C:\WINDOWS\System32\Wbem;C:\WINDOWS\System32\WindowsPowerShell\v1.0\;C:\WINDOWS\System32\OpenSSH\;D:\Applications\android\sdk\platform-tools;D:\Applications\android\sdk\build-tools\27.0.3;D:\Applications\Git\cmd;D:\Applications\TortoiseSVN\bin;%CATALINA_HOME%\bin;&quot;C:\Users\张丽璇\AppData\Local\Microsoft\WindowsApps;D:\Applications\java\jdk\bin;D:\Applications\android\Java\jdk1.8.0_73\bin;D:\Applications\android\Java\jdk1.8.0_73\jre\bin;&quot;;D:\Applications\Fiddler;C:\Users\张丽璇\AppData\Local\Microsoft\WindowsApps;D:\Applications\maven\apache-maven-3.6.3\bin;D:\Applications\MySQL\MySQL Server 8.0\bin;D:\Applications\nodejs;D:\Applications\Microsoft VS Code\bin;C:\Windows\System32;;."/>
    <property name="maven.conf" value="D:\Applications\maven\apache-maven-3.6.3/conf"/>
    <property name="java.specification.name" value="Java Platform API Specification"/>
    <property name="java.class.version" value="52.0"/>
    <property name="sun.management.compiler" value="HotSpot 64-Bit Tiered Compilers"/>
    <property name="maven.repo.local" value="D:\Applications\maven\maven-repository"/>
    <property name="os.version" value="10.0"/>
    <property name="user.home" value="C:\Users\张丽璇"/>
    <property name="user.timezone" value="Asia/Shanghai"/>
    <property name="java.awt.printerjob" value="sun.awt.windows.WPrinterJob"/>
    <property name="java.specification.version" value="1.8"/>
    <property name="file.encoding" value="UTF-8"/>
    <property name="user.name" value="张丽璇"/>
    <property name="java.class.path" value="D:\Applications\maven\apache-maven-3.6.3\boot\plexus-classworlds-2.6.0.jar;D:\Applications\maven\apache-maven-3.6.3\boot\plexus-classworlds.license;D:\Applications\JetBrains\IntelliJ IDEA 2021.1\lib\idea_rt.jar"/>
    <property name="java.vm.specification.version" value="1.8"/>
    <property name="sun.arch.data.model" value="64"/>
    <property name="java.home" value="D:\Applications\android\Java\jdk1.8.0_73\jre"/>
    <property name="sun.java.command" value="org.codehaus.classworlds.Launcher -Didea.version=2021.1 -s D:\Applications\maven\apache-maven-3.6.3\conf\settings.xml -Dmaven.repo.local=D:\Applications\maven\maven-repository install"/>
    <property name="java.specification.vendor" value="Oracle Corporation"/>
    <property name="user.language" value="zh"/>
    <property name="awt.toolkit" value="sun.awt.windows.WToolkit"/>
    <property name="java.vm.info" value="mixed mode"/>
    <property name="java.version" value="1.8.0_73"/>
    <property name="java.ext.dirs" value="D:\Applications\android\Java\jdk1.8.0_73\jre\lib\ext;C:\WINDOWS\Sun\Java\lib\ext"/>
    <property name="sun.boot.class.path" value="D:\Applications\android\Java\jdk1.8.0_73\jre\lib\resources.jar;D:\Applications\android\Java\jdk1.8.0_73\jre\lib\rt.jar;D:\Applications\android\Java\jdk1.8.0_73\jre\lib\sunrsasign.jar;D:\Applications\android\Java\jdk1.8.0_73\jre\lib\jsse.jar;D:\Applications\android\Java\jdk1.8.0_73\jre\lib\jce.jar;D:\Applications\android\Java\jdk1.8.0_73\jre\lib\charsets.jar;D:\Applications\android\Java\jdk1.8.0_73\jre\lib\jfr.jar;D:\Applications\android\Java\jdk1.8.0_73\jre\classes"/>
    <property name="java.vendor" value="Oracle Corporation"/>
    <property name="maven.home" value="D:\Applications\maven\apache-maven-3.6.3"/>
    <property name="file.separator" value="\"/>
    <property name="java.vendor.url.bug" value="http://bugreport.sun.com/bugreport/"/>
    <property name="sun.cpu.endian" value="little"/>
    <property name="sun.io.unicode.encoding" value="UnicodeLittle"/>
    <property name="sun.desktop" value="windows"/>
    <property name="sun.cpu.isalist" value="amd64"/>
  </properties>
  <testcase classname="com.example.BookServiceTest" name="testGetById" time="2.712"/>
  <testcase classname="com.example.BookServiceTest" name="testGetAll" time="0.055"/>
</testsuite>