<?xml version="1.0" encoding="UTF-8"?>
<testsuite xmlns:xsi="http://www.w3.org/2001/XMLSchema-instance" xsi:noNamespaceSchemaLocation="https://maven.apache.org/surefire/maven-surefire-plugin/xsd/surefire-test-report.xsd" name="com.example.SpringbootQuickstartApplicationTests" time="8.327" tests="1" errors="0" skipped="0" failures="0">
  <properties>
    <property name="sun.desktop" value="windows"/>
    <property name="awt.toolkit" value="sun.awt.windows.WToolkit"/>
    <property name="file.encoding.pkg" value="sun.io"/>
    <property name="java.specification.version" value="1.8"/>
    <property name="sun.cpu.isalist" value="amd64"/>
    <property name="sun.jnu.encoding" value="GBK"/>
    <property name="java.class.path" value="D:\Applications\JetBrains\project\pratice\springboot-quickstart\target\test-classes;D:\Applications\JetBrains\project\pratice\springboot-quickstart\target\classes;D:\Applications\maven\maven-repository\org\springframework\boot\spring-boot-starter-web\2.3.9.RELEASE\spring-boot-starter-web-2.3.9.RELEASE.jar;D:\Applications\maven\maven-repository\org\springframework\boot\spring-boot-starter\2.3.9.RELEASE\spring-boot-starter-2.3.9.RELEASE.jar;D:\Applications\maven\maven-repository\org\springframework\boot\spring-boot\2.3.9.RELEASE\spring-boot-2.3.9.RELEASE.jar;D:\Applications\maven\maven-repository\org\springframework\boot\spring-boot-autoconfigure\2.3.9.RELEASE\spring-boot-autoconfigure-2.3.9.RELEASE.jar;D:\Applications\maven\maven-repository\org\springframework\boot\spring-boot-starter-logging\2.3.9.RELEASE\spring-boot-starter-logging-2.3.9.RELEASE.jar;D:\Applications\maven\maven-repository\ch\qos\logback\logback-classic\1.2.3\logback-classic-1.2.3.jar;D:\Applications\maven\maven-repository\ch\qos\logback\logback-core\1.2.3\logback-core-1.2.3.jar;D:\Applications\maven\maven-repository\org\apache\logging\log4j\log4j-to-slf4j\2.13.3\log4j-to-slf4j-2.13.3.jar;D:\Applications\maven\maven-repository\org\apache\logging\log4j\log4j-api\2.13.3\log4j-api-2.13.3.jar;D:\Applications\maven\maven-repository\org\slf4j\jul-to-slf4j\1.7.30\jul-to-slf4j-1.7.30.jar;D:\Applications\maven\maven-repository\jakarta\annotation\jakarta.annotation-api\1.3.5\jakarta.annotation-api-1.3.5.jar;D:\Applications\maven\maven-repository\org\yaml\snakeyaml\1.26\snakeyaml-1.26.jar;D:\Applications\maven\maven-repository\org\springframework\boot\spring-boot-starter-json\2.3.9.RELEASE\spring-boot-starter-json-2.3.9.RELEASE.jar;D:\Applications\maven\maven-repository\com\fasterxml\jackson\core\jackson-databind\2.11.4\jackson-databind-2.11.4.jar;D:\Applications\maven\maven-repository\com\fasterxml\jackson\core\jackson-annotations\2.11.4\jackson-annotations-2.11.4.jar;D:\Applications\maven\maven-repository\com\fasterxml\jackson\core\jackson-core\2.11.4\jackson-core-2.11.4.jar;D:\Applications\maven\maven-repository\com\fasterxml\jackson\datatype\jackson-datatype-jdk8\2.11.4\jackson-datatype-jdk8-2.11.4.jar;D:\Applications\maven\maven-repository\com\fasterxml\jackson\datatype\jackson-datatype-jsr310\2.11.4\jackson-datatype-jsr310-2.11.4.jar;D:\Applications\maven\maven-repository\com\fasterxml\jackson\module\jackson-module-parameter-names\2.11.4\jackson-module-parameter-names-2.11.4.jar;D:\Applications\maven\maven-repository\org\springframework\boot\spring-boot-starter-tomcat\2.3.9.RELEASE\spring-boot-starter-tomcat-2.3.9.RELEASE.jar;D:\Applications\maven\maven-repository\org\apache\tomcat\embed\tomcat-embed-core\9.0.43\tomcat-embed-core-9.0.43.jar;D:\Applications\maven\maven-repository\org\glassfish\jakarta.el\3.0.3\jakarta.el-3.0.3.jar;D:\Applications\maven\maven-repository\org\apache\tomcat\embed\tomcat-embed-websocket\9.0.43\tomcat-embed-websocket-9.0.43.jar;D:\Applications\maven\maven-repository\org\springframework\spring-web\5.2.13.RELEASE\spring-web-5.2.13.RELEASE.jar;D:\Applications\maven\maven-repository\org\springframework\spring-beans\5.2.13.RELEASE\spring-beans-5.2.13.RELEASE.jar;D:\Applications\maven\maven-repository\org\springframework\spring-webmvc\5.2.13.RELEASE\spring-webmvc-5.2.13.RELEASE.jar;D:\Applications\maven\maven-repository\org\springframework\spring-aop\5.2.13.RELEASE\spring-aop-5.2.13.RELEASE.jar;D:\Applications\maven\maven-repository\org\springframework\spring-context\5.2.13.RELEASE\spring-context-5.2.13.RELEASE.jar;D:\Applications\maven\maven-repository\org\springframework\spring-expression\5.2.13.RELEASE\spring-expression-5.2.13.RELEASE.jar;D:\Applications\maven\maven-repository\org\springframework\boot\spring-boot-starter-test\2.3.9.RELEASE\spring-boot-starter-test-2.3.9.RELEASE.jar;D:\Applications\maven\maven-repository\org\springframework\boot\spring-boot-test\2.3.9.RELEASE\spring-boot-test-2.3.9.RELEASE.jar;D:\Applications\maven\maven-repository\org\springframework\boot\spring-boot-test-autoconfigure\2.3.9.RELEASE\spring-boot-test-autoconfigure-2.3.9.RELEASE.jar;D:\Applications\maven\maven-repository\com\jayway\jsonpath\json-path\2.4.0\json-path-2.4.0.jar;D:\Applications\maven\maven-repository\net\minidev\json-smart\2.3\json-smart-2.3.jar;D:\Applications\maven\maven-repository\net\minidev\accessors-smart\1.2\accessors-smart-1.2.jar;D:\Applications\maven\maven-repository\org\ow2\asm\asm\5.0.4\asm-5.0.4.jar;D:\Applications\maven\maven-repository\org\slf4j\slf4j-api\1.7.30\slf4j-api-1.7.30.jar;D:\Applications\maven\maven-repository\jakarta\xml\bind\jakarta.xml.bind-api\2.3.3\jakarta.xml.bind-api-2.3.3.jar;D:\Applications\maven\maven-repository\jakarta\activation\jakarta.activation-api\1.2.2\jakarta.activation-api-1.2.2.jar;D:\Applications\maven\maven-repository\org\assertj\assertj-core\3.16.1\assertj-core-3.16.1.jar;D:\Applications\maven\maven-repository\org\hamcrest\hamcrest\2.2\hamcrest-2.2.jar;D:\Applications\maven\maven-repository\org\junit\jupiter\junit-jupiter\5.6.3\junit-jupiter-5.6.3.jar;D:\Applications\maven\maven-repository\org\junit\jupiter\junit-jupiter-api\5.6.3\junit-jupiter-api-5.6.3.jar;D:\Applications\maven\maven-repository\org\opentest4j\opentest4j\1.2.0\opentest4j-1.2.0.jar;D:\Applications\maven\maven-repository\org\junit\platform\junit-platform-commons\1.6.3\junit-platform-commons-1.6.3.jar;D:\Applications\maven\maven-repository\org\junit\jupiter\junit-jupiter-params\5.6.3\junit-jupiter-params-5.6.3.jar;D:\Applications\maven\maven-repository\org\junit\jupiter\junit-jupiter-engine\5.6.3\junit-jupiter-engine-5.6.3.jar;D:\Applications\maven\maven-repository\org\junit\vintage\junit-vintage-engine\5.6.3\junit-vintage-engine-5.6.3.jar;D:\Applications\maven\maven-repository\org\apiguardian\apiguardian-api\1.1.0\apiguardian-api-1.1.0.jar;D:\Applications\maven\maven-repository\org\junit\platform\junit-platform-engine\1.6.3\junit-platform-engine-1.6.3.jar;D:\Applications\maven\maven-repository\junit\junit\4.13.2\junit-4.13.2.jar;D:\Applications\maven\maven-repository\org\mockito\mockito-core\3.3.3\mockito-core-3.3.3.jar;D:\Applications\maven\maven-repository\net\bytebuddy\byte-buddy\1.10.20\byte-buddy-1.10.20.jar;D:\Applications\maven\maven-repository\net\bytebuddy\byte-buddy-agent\1.10.20\byte-buddy-agent-1.10.20.jar;D:\Applications\maven\maven-repository\org\objenesis\objenesis\2.6\objenesis-2.6.jar;D:\Applications\maven\maven-repository\org\mockito\mockito-junit-jupiter\3.3.3\mockito-junit-jupiter-3.3.3.jar;D:\Applications\maven\maven-repository\org\skyscreamer\jsonassert\1.5.0\jsonassert-1.5.0.jar;D:\Applications\maven\maven-repository\com\vaadin\external\google\android-json\0.0.20131108.vaadin1\android-json-0.0.20131108.vaadin1.jar;D:\Applications\maven\maven-repository\org\springframework\spring-core\5.2.13.RELEASE\spring-core-5.2.13.RELEASE.jar;D:\Applications\maven\maven-repository\org\springframework\spring-jcl\5.2.13.RELEASE\spring-jcl-5.2.13.RELEASE.jar;D:\Applications\maven\maven-repository\org\springframework\spring-test\5.2.13.RELEASE\spring-test-5.2.13.RELEASE.jar;D:\Applications\maven\maven-repository\org\xmlunit\xmlunit-core\2.7.0\xmlunit-core-2.7.0.jar;D:\Applications\maven\maven-repository\org\apache\servicecomb\spring-boot-starter-configuration\1.3.8\spring-boot-starter-configuration-1.3.8.jar;D:\Applications\maven\maven-repository\org\apache\servicecomb\foundation-config\1.3.8\foundation-config-1.3.8.jar;D:\Applications\maven\maven-repository\org\apache\servicecomb\foundation-common\1.3.8\foundation-common-1.3.8.jar;D:\Applications\maven\maven-repository\com\fasterxml\jackson\dataformat\jackson-dataformat-xml\2.11.4\jackson-dataformat-xml-2.11.4.jar;D:\Applications\maven\maven-repository\com\fasterxml\jackson\module\jackson-module-jaxb-annotations\2.11.4\jackson-module-jaxb-annotations-2.11.4.jar;D:\Applications\maven\maven-repository\org\codehaus\woodstox\stax2-api\4.2.1\stax2-api-4.2.1.jar;D:\Applications\maven\maven-repository\log4j\log4j\1.2.17\log4j-1.2.17.jar;D:\Applications\maven\maven-repository\javax\ws\rs\javax.ws.rs-api\2.1\javax.ws.rs-api-2.1.jar;D:\Applications\maven\maven-repository\commons-io\commons-io\2.6\commons-io-2.6.jar;D:\Applications\maven\maven-repository\javax\servlet\javax.servlet-api\4.0.1\javax.servlet-api-4.0.1.jar;D:\Applications\maven\maven-repository\org\apache\commons\commons-lang3\3.10\commons-lang3-3.10.jar;D:\Applications\maven\maven-repository\com\netflix\archaius\archaius-core\0.7.6\archaius-core-0.7.6.jar;D:\Applications\maven\maven-repository\com\google\code\findbugs\jsr305\3.0.1\jsr305-3.0.1.jar;D:\Applications\maven\maven-repository\commons-configuration\commons-configuration\1.10\commons-configuration-1.10.jar;D:\Applications\maven\maven-repository\commons-lang\commons-lang\2.6\commons-lang-2.6.jar;D:\Applications\maven\maven-repository\commons-logging\commons-logging\1.1.1\commons-logging-1.1.1.jar;D:\Applications\maven\maven-repository\org\apache\httpcomponents\httpclient\4.5.13\httpclient-4.5.13.jar;D:\Applications\maven\maven-repository\org\apache\httpcomponents\httpcore\4.4.14\httpcore-4.4.14.jar;D:\Applications\maven\maven-repository\commons-codec\commons-codec\1.14\commons-codec-1.14.jar;D:\Applications\maven\maven-repository\io\netty\netty-codec\4.1.59.Final\netty-codec-4.1.59.Final.jar;D:\Applications\maven\maven-repository\io\netty\netty-codec-http\4.1.59.Final\netty-codec-http-4.1.59.Final.jar;D:\Applications\maven\maven-repository\io\netty\netty-codec-http2\4.1.59.Final\netty-codec-http2-4.1.59.Final.jar;D:\Applications\maven\maven-repository\io\netty\netty-common\4.1.59.Final\netty-common-4.1.59.Final.jar;D:\Applications\maven\maven-repository\io\netty\netty-handler\4.1.59.Final\netty-handler-4.1.59.Final.jar;D:\Applications\maven\maven-repository\io\netty\netty-buffer\4.1.59.Final\netty-buffer-4.1.59.Final.jar;D:\Applications\maven\maven-repository\io\netty\netty-codec-socks\4.1.59.Final\netty-codec-socks-4.1.59.Final.jar;D:\Applications\maven\maven-repository\io\netty\netty-handler-proxy\4.1.59.Final\netty-handler-proxy-4.1.59.Final.jar;D:\Applications\maven\maven-repository\io\netty\netty-resolver\4.1.59.Final\netty-resolver-4.1.59.Final.jar;D:\Applications\maven\maven-repository\io\netty\netty-transport\4.1.59.Final\netty-transport-4.1.59.Final.jar;D:\Applications\maven\maven-repository\com\google\guava\guava\26.0-jre\guava-26.0-jre.jar;D:\Applications\maven\maven-repository\org\apache\servicecomb\config-cc\1.3.8\config-cc-1.3.8.jar;D:\Applications\maven\maven-repository\org\apache\servicecomb\deployment\1.3.8\deployment-1.3.8.jar;D:\Applications\maven\maven-repository\org\apache\servicecomb\foundation-ssl\1.3.8\foundation-ssl-1.3.8.jar;D:\Applications\maven\maven-repository\io\netty\netty-tcnative-boringssl-static\2.0.36.Final\netty-tcnative-boringssl-static-2.0.36.Final.jar;D:\Applications\maven\maven-repository\org\apache\servicecomb\foundation-vertx\1.3.8\foundation-vertx-1.3.8.jar;D:\Applications\maven\maven-repository\io\vertx\vertx-core\3.9.11\vertx-core-3.9.11.jar;D:\Applications\maven\maven-repository\io\netty\netty-resolver-dns\4.1.59.Final\netty-resolver-dns-4.1.59.Final.jar;D:\Applications\maven\maven-repository\io\netty\netty-codec-dns\4.1.59.Final\netty-codec-dns-4.1.59.Final.jar;D:\Applications\maven\maven-repository\io\vertx\vertx-web\3.9.11\vertx-web-3.9.11.jar;D:\Applications\maven\maven-repository\io\vertx\vertx-web-common\3.9.11\vertx-web-common-3.9.11.jar;D:\Applications\maven\maven-repository\io\vertx\vertx-auth-common\3.9.11\vertx-auth-common-3.9.11.jar;D:\Applications\maven\maven-repository\io\vertx\vertx-bridge-common\3.9.11\vertx-bridge-common-3.9.11.jar;"/>
    <property name="java.vm.vendor" value="Oracle Corporation"/>
    <property name="sun.arch.data.model" value="64"/>
    <property name="user.variant" value=""/>
    <property name="java.vendor.url" value="http://java.oracle.com/"/>
    <property name="user.timezone" value="Asia/Shanghai"/>
    <property name="java.vm.specification.version" value="1.8"/>
    <property name="os.name" value="Windows 10"/>
    <property name="user.country" value="CN"/>
    <property name="sun.java.launcher" value="SUN_STANDARD"/>
    <property name="sun.boot.library.path" value="D:\Applications\android\Java\jdk1.8.0_73\jre\bin"/>
    <property name="sun.java.command" value="C:\Users\张丽璇\AppData\Local\Temp\surefire2009287394339495804\surefirebooter5748859522468382352.jar C:\Users\张丽璇\AppData\Local\Temp\surefire2009287394339495804 2023-02-24T08-01-10_247-jvmRun1 surefire3636867190542055241tmp surefire_06760733612963092094tmp"/>
    <property name="surefire.test.class.path" value="D:\Applications\JetBrains\project\pratice\springboot-quickstart\target\test-classes;D:\Applications\JetBrains\project\pratice\springboot-quickstart\target\classes;D:\Applications\maven\maven-repository\org\springframework\boot\spring-boot-starter-web\2.3.9.RELEASE\spring-boot-starter-web-2.3.9.RELEASE.jar;D:\Applications\maven\maven-repository\org\springframework\boot\spring-boot-starter\2.3.9.RELEASE\spring-boot-starter-2.3.9.RELEASE.jar;D:\Applications\maven\maven-repository\org\springframework\boot\spring-boot\2.3.9.RELEASE\spring-boot-2.3.9.RELEASE.jar;D:\Applications\maven\maven-repository\org\springframework\boot\spring-boot-autoconfigure\2.3.9.RELEASE\spring-boot-autoconfigure-2.3.9.RELEASE.jar;D:\Applications\maven\maven-repository\org\springframework\boot\spring-boot-starter-logging\2.3.9.RELEASE\spring-boot-starter-logging-2.3.9.RELEASE.jar;D:\Applications\maven\maven-repository\ch\qos\logback\logback-classic\1.2.3\logback-classic-1.2.3.jar;D:\Applications\maven\maven-repository\ch\qos\logback\logback-core\1.2.3\logback-core-1.2.3.jar;D:\Applications\maven\maven-repository\org\apache\logging\log4j\log4j-to-slf4j\2.13.3\log4j-to-slf4j-2.13.3.jar;D:\Applications\maven\maven-repository\org\apache\logging\log4j\log4j-api\2.13.3\log4j-api-2.13.3.jar;D:\Applications\maven\maven-repository\org\slf4j\jul-to-slf4j\1.7.30\jul-to-slf4j-1.7.30.jar;D:\Applications\maven\maven-repository\jakarta\annotation\jakarta.annotation-api\1.3.5\jakarta.annotation-api-1.3.5.jar;D:\Applications\maven\maven-repository\org\yaml\snakeyaml\1.26\snakeyaml-1.26.jar;D:\Applications\maven\maven-repository\org\springframework\boot\spring-boot-starter-json\2.3.9.RELEASE\spring-boot-starter-json-2.3.9.RELEASE.jar;D:\Applications\maven\maven-repository\com\fasterxml\jackson\core\jackson-databind\2.11.4\jackson-databind-2.11.4.jar;D:\Applications\maven\maven-repository\com\fasterxml\jackson\core\jackson-annotations\2.11.4\jackson-annotations-2.11.4.jar;D:\Applications\maven\maven-repository\com\fasterxml\jackson\core\jackson-core\2.11.4\jackson-core-2.11.4.jar;D:\Applications\maven\maven-repository\com\fasterxml\jackson\datatype\jackson-datatype-jdk8\2.11.4\jackson-datatype-jdk8-2.11.4.jar;D:\Applications\maven\maven-repository\com\fasterxml\jackson\datatype\jackson-datatype-jsr310\2.11.4\jackson-datatype-jsr310-2.11.4.jar;D:\Applications\maven\maven-repository\com\fasterxml\jackson\module\jackson-module-parameter-names\2.11.4\jackson-module-parameter-names-2.11.4.jar;D:\Applications\maven\maven-repository\org\springframework\boot\spring-boot-starter-tomcat\2.3.9.RELEASE\spring-boot-starter-tomcat-2.3.9.RELEASE.jar;D:\Applications\maven\maven-repository\org\apache\tomcat\embed\tomcat-embed-core\9.0.43\tomcat-embed-core-9.0.43.jar;D:\Applications\maven\maven-repository\org\glassfish\jakarta.el\3.0.3\jakarta.el-3.0.3.jar;D:\Applications\maven\maven-repository\org\apache\tomcat\embed\tomcat-embed-websocket\9.0.43\tomcat-embed-websocket-9.0.43.jar;D:\Applications\maven\maven-repository\org\springframework\spring-web\5.2.13.RELEASE\spring-web-5.2.13.RELEASE.jar;D:\Applications\maven\maven-repository\org\springframework\spring-beans\5.2.13.RELEASE\spring-beans-5.2.13.RELEASE.jar;D:\Applications\maven\maven-repository\org\springframework\spring-webmvc\5.2.13.RELEASE\spring-webmvc-5.2.13.RELEASE.jar;D:\Applications\maven\maven-repository\org\springframework\spring-aop\5.2.13.RELEASE\spring-aop-5.2.13.RELEASE.jar;D:\Applications\maven\maven-repository\org\springframework\spring-context\5.2.13.RELEASE\spring-context-5.2.13.RELEASE.jar;D:\Applications\maven\maven-repository\org\springframework\spring-expression\5.2.13.RELEASE\spring-expression-5.2.13.RELEASE.jar;D:\Applications\maven\maven-repository\org\springframework\boot\spring-boot-starter-test\2.3.9.RELEASE\spring-boot-starter-test-2.3.9.RELEASE.jar;D:\Applications\maven\maven-repository\org\springframework\boot\spring-boot-test\2.3.9.RELEASE\spring-boot-test-2.3.9.RELEASE.jar;D:\Applications\maven\maven-repository\org\springframework\boot\spring-boot-test-autoconfigure\2.3.9.RELEASE\spring-boot-test-autoconfigure-2.3.9.RELEASE.jar;D:\Applications\maven\maven-repository\com\jayway\jsonpath\json-path\2.4.0\json-path-2.4.0.jar;D:\Applications\maven\maven-repository\net\minidev\json-smart\2.3\json-smart-2.3.jar;D:\Applications\maven\maven-repository\net\minidev\accessors-smart\1.2\accessors-smart-1.2.jar;D:\Applications\maven\maven-repository\org\ow2\asm\asm\5.0.4\asm-5.0.4.jar;D:\Applications\maven\maven-repository\org\slf4j\slf4j-api\1.7.30\slf4j-api-1.7.30.jar;D:\Applications\maven\maven-repository\jakarta\xml\bind\jakarta.xml.bind-api\2.3.3\jakarta.xml.bind-api-2.3.3.jar;D:\Applications\maven\maven-repository\jakarta\activation\jakarta.activation-api\1.2.2\jakarta.activation-api-1.2.2.jar;D:\Applications\maven\maven-repository\org\assertj\assertj-core\3.16.1\assertj-core-3.16.1.jar;D:\Applications\maven\maven-repository\org\hamcrest\hamcrest\2.2\hamcrest-2.2.jar;D:\Applications\maven\maven-repository\org\junit\jupiter\junit-jupiter\5.6.3\junit-jupiter-5.6.3.jar;D:\Applications\maven\maven-repository\org\junit\jupiter\junit-jupiter-api\5.6.3\junit-jupiter-api-5.6.3.jar;D:\Applications\maven\maven-repository\org\opentest4j\opentest4j\1.2.0\opentest4j-1.2.0.jar;D:\Applications\maven\maven-repository\org\junit\platform\junit-platform-commons\1.6.3\junit-platform-commons-1.6.3.jar;D:\Applications\maven\maven-repository\org\junit\jupiter\junit-jupiter-params\5.6.3\junit-jupiter-params-5.6.3.jar;D:\Applications\maven\maven-repository\org\junit\jupiter\junit-jupiter-engine\5.6.3\junit-jupiter-engine-5.6.3.jar;D:\Applications\maven\maven-repository\org\junit\vintage\junit-vintage-engine\5.6.3\junit-vintage-engine-5.6.3.jar;D:\Applications\maven\maven-repository\org\apiguardian\apiguardian-api\1.1.0\apiguardian-api-1.1.0.jar;D:\Applications\maven\maven-repository\org\junit\platform\junit-platform-engine\1.6.3\junit-platform-engine-1.6.3.jar;D:\Applications\maven\maven-repository\junit\junit\4.13.2\junit-4.13.2.jar;D:\Applications\maven\maven-repository\org\mockito\mockito-core\3.3.3\mockito-core-3.3.3.jar;D:\Applications\maven\maven-repository\net\bytebuddy\byte-buddy\1.10.20\byte-buddy-1.10.20.jar;D:\Applications\maven\maven-repository\net\bytebuddy\byte-buddy-agent\1.10.20\byte-buddy-agent-1.10.20.jar;D:\Applications\maven\maven-repository\org\objenesis\objenesis\2.6\objenesis-2.6.jar;D:\Applications\maven\maven-repository\org\mockito\mockito-junit-jupiter\3.3.3\mockito-junit-jupiter-3.3.3.jar;D:\Applications\maven\maven-repository\org\skyscreamer\jsonassert\1.5.0\jsonassert-1.5.0.jar;D:\Applications\maven\maven-repository\com\vaadin\external\google\android-json\0.0.20131108.vaadin1\android-json-0.0.20131108.vaadin1.jar;D:\Applications\maven\maven-repository\org\springframework\spring-core\5.2.13.RELEASE\spring-core-5.2.13.RELEASE.jar;D:\Applications\maven\maven-repository\org\springframework\spring-jcl\5.2.13.RELEASE\spring-jcl-5.2.13.RELEASE.jar;D:\Applications\maven\maven-repository\org\springframework\spring-test\5.2.13.RELEASE\spring-test-5.2.13.RELEASE.jar;D:\Applications\maven\maven-repository\org\xmlunit\xmlunit-core\2.7.0\xmlunit-core-2.7.0.jar;D:\Applications\maven\maven-repository\org\apache\servicecomb\spring-boot-starter-configuration\1.3.8\spring-boot-starter-configuration-1.3.8.jar;D:\Applications\maven\maven-repository\org\apache\servicecomb\foundation-config\1.3.8\foundation-config-1.3.8.jar;D:\Applications\maven\maven-repository\org\apache\servicecomb\foundation-common\1.3.8\foundation-common-1.3.8.jar;D:\Applications\maven\maven-repository\com\fasterxml\jackson\dataformat\jackson-dataformat-xml\2.11.4\jackson-dataformat-xml-2.11.4.jar;D:\Applications\maven\maven-repository\com\fasterxml\jackson\module\jackson-module-jaxb-annotations\2.11.4\jackson-module-jaxb-annotations-2.11.4.jar;D:\Applications\maven\maven-repository\org\codehaus\woodstox\stax2-api\4.2.1\stax2-api-4.2.1.jar;D:\Applications\maven\maven-repository\log4j\log4j\1.2.17\log4j-1.2.17.jar;D:\Applications\maven\maven-repository\javax\ws\rs\javax.ws.rs-api\2.1\javax.ws.rs-api-2.1.jar;D:\Applications\maven\maven-repository\commons-io\commons-io\2.6\commons-io-2.6.jar;D:\Applications\maven\maven-repository\javax\servlet\javax.servlet-api\4.0.1\javax.servlet-api-4.0.1.jar;D:\Applications\maven\maven-repository\org\apache\commons\commons-lang3\3.10\commons-lang3-3.10.jar;D:\Applications\maven\maven-repository\com\netflix\archaius\archaius-core\0.7.6\archaius-core-0.7.6.jar;D:\Applications\maven\maven-repository\com\google\code\findbugs\jsr305\3.0.1\jsr305-3.0.1.jar;D:\Applications\maven\maven-repository\commons-configuration\commons-configuration\1.10\commons-configuration-1.10.jar;D:\Applications\maven\maven-repository\commons-lang\commons-lang\2.6\commons-lang-2.6.jar;D:\Applications\maven\maven-repository\commons-logging\commons-logging\1.1.1\commons-logging-1.1.1.jar;D:\Applications\maven\maven-repository\org\apache\httpcomponents\httpclient\4.5.13\httpclient-4.5.13.jar;D:\Applications\maven\maven-repository\org\apache\httpcomponents\httpcore\4.4.14\httpcore-4.4.14.jar;D:\Applications\maven\maven-repository\commons-codec\commons-codec\1.14\commons-codec-1.14.jar;D:\Applications\maven\maven-repository\io\netty\netty-codec\4.1.59.Final\netty-codec-4.1.59.Final.jar;D:\Applications\maven\maven-repository\io\netty\netty-codec-http\4.1.59.Final\netty-codec-http-4.1.59.Final.jar;D:\Applications\maven\maven-repository\io\netty\netty-codec-http2\4.1.59.Final\netty-codec-http2-4.1.59.Final.jar;D:\Applications\maven\maven-repository\io\netty\netty-common\4.1.59.Final\netty-common-4.1.59.Final.jar;D:\Applications\maven\maven-repository\io\netty\netty-handler\4.1.59.Final\netty-handler-4.1.59.Final.jar;D:\Applications\maven\maven-repository\io\netty\netty-buffer\4.1.59.Final\netty-buffer-4.1.59.Final.jar;D:\Applications\maven\maven-repository\io\netty\netty-codec-socks\4.1.59.Final\netty-codec-socks-4.1.59.Final.jar;D:\Applications\maven\maven-repository\io\netty\netty-handler-proxy\4.1.59.Final\netty-handler-proxy-4.1.59.Final.jar;D:\Applications\maven\maven-repository\io\netty\netty-resolver\4.1.59.Final\netty-resolver-4.1.59.Final.jar;D:\Applications\maven\maven-repository\io\netty\netty-transport\4.1.59.Final\netty-transport-4.1.59.Final.jar;D:\Applications\maven\maven-repository\com\google\guava\guava\26.0-jre\guava-26.0-jre.jar;D:\Applications\maven\maven-repository\org\apache\servicecomb\config-cc\1.3.8\config-cc-1.3.8.jar;D:\Applications\maven\maven-repository\org\apache\servicecomb\deployment\1.3.8\deployment-1.3.8.jar;D:\Applications\maven\maven-repository\org\apache\servicecomb\foundation-ssl\1.3.8\foundation-ssl-1.3.8.jar;D:\Applications\maven\maven-repository\io\netty\netty-tcnative-boringssl-static\2.0.36.Final\netty-tcnative-boringssl-static-2.0.36.Final.jar;D:\Applications\maven\maven-repository\org\apache\servicecomb\foundation-vertx\1.3.8\foundation-vertx-1.3.8.jar;D:\Applications\maven\maven-repository\io\vertx\vertx-core\3.9.11\vertx-core-3.9.11.jar;D:\Applications\maven\maven-repository\io\netty\netty-resolver-dns\4.1.59.Final\netty-resolver-dns-4.1.59.Final.jar;D:\Applications\maven\maven-repository\io\netty\netty-codec-dns\4.1.59.Final\netty-codec-dns-4.1.59.Final.jar;D:\Applications\maven\maven-repository\io\vertx\vertx-web\3.9.11\vertx-web-3.9.11.jar;D:\Applications\maven\maven-repository\io\vertx\vertx-web-common\3.9.11\vertx-web-common-3.9.11.jar;D:\Applications\maven\maven-repository\io\vertx\vertx-auth-common\3.9.11\vertx-auth-common-3.9.11.jar;D:\Applications\maven\maven-repository\io\vertx\vertx-bridge-common\3.9.11\vertx-bridge-common-3.9.11.jar;"/>
    <property name="sun.cpu.endian" value="little"/>
    <property name="user.home" value="C:\Users\张丽璇"/>
    <property name="user.language" value="zh"/>
    <property name="java.specification.vendor" value="Oracle Corporation"/>
    <property name="java.home" value="D:\Applications\android\Java\jdk1.8.0_73\jre"/>
    <property name="basedir" value="D:\Applications\JetBrains\project\pratice\springboot-quickstart"/>
    <property name="file.separator" value="\"/>
    <property name="line.separator" value="&#10;"/>
    <property name="java.vm.specification.vendor" value="Oracle Corporation"/>
    <property name="java.specification.name" value="Java Platform API Specification"/>
    <property name="java.awt.graphicsenv" value="sun.awt.Win32GraphicsEnvironment"/>
    <property name="surefire.real.class.path" value="C:\Users\张丽璇\AppData\Local\Temp\surefire2009287394339495804\surefirebooter5748859522468382352.jar"/>
    <property name="sun.boot.class.path" value="D:\Applications\android\Java\jdk1.8.0_73\jre\lib\resources.jar;D:\Applications\android\Java\jdk1.8.0_73\jre\lib\rt.jar;D:\Applications\android\Java\jdk1.8.0_73\jre\lib\sunrsasign.jar;D:\Applications\android\Java\jdk1.8.0_73\jre\lib\jsse.jar;D:\Applications\android\Java\jdk1.8.0_73\jre\lib\jce.jar;D:\Applications\android\Java\jdk1.8.0_73\jre\lib\charsets.jar;D:\Applications\android\Java\jdk1.8.0_73\jre\lib\jfr.jar;D:\Applications\android\Java\jdk1.8.0_73\jre\classes"/>
    <property name="user.script" value=""/>
    <property name="sun.management.compiler" value="HotSpot 64-Bit Tiered Compilers"/>
    <property name="java.runtime.version" value="1.8.0_73-b02"/>
    <property name="user.name" value="张丽璇"/>
    <property name="path.separator" value=";"/>
    <property name="os.version" value="10.0"/>
    <property name="java.endorsed.dirs" value="D:\Applications\android\Java\jdk1.8.0_73\jre\lib\endorsed"/>
    <property name="java.runtime.name" value="Java(TM) SE Runtime Environment"/>
    <property name="file.encoding" value="GBK"/>
    <property name="java.vm.name" value="Java HotSpot(TM) 64-Bit Server VM"/>
    <property name="localRepository" value="D:\Applications\maven\maven-repository"/>
    <property name="java.vendor.url.bug" value="http://bugreport.sun.com/bugreport/"/>
    <property name="java.io.tmpdir" value="C:\Users\张丽璇\AppData\Local\Temp\"/>
    <property name="idea.version" value="2021.1"/>
    <property name="java.version" value="1.8.0_73"/>
    <property name="user.dir" value="D:\Applications\JetBrains\project\pratice\springboot-quickstart"/>
    <property name="os.arch" value="amd64"/>
    <property name="java.vm.specification.name" value="Java Virtual Machine Specification"/>
    <property name="java.awt.printerjob" value="sun.awt.windows.WPrinterJob"/>
    <property name="sun.os.patch.level" value=""/>
    <property name="java.library.path" value="D:\Applications\android\Java\jdk1.8.0_73\jre\bin;C:\WINDOWS\Sun\Java\bin;C:\WINDOWS\system32;C:\WINDOWS;D:\Applications\android\Java\jdk1.8.0_73\bin;C:\ProgramData\Oracle\Java\javapath;C:\WINDOWS\system32;C:\WINDOWS;C:\WINDOWS\System32\Wbem;C:\WINDOWS\System32\WindowsPowerShell\v1.0\;C:\WINDOWS\System32\OpenSSH\;D:\Applications\android\sdk\platform-tools;D:\Applications\android\sdk\build-tools\27.0.3;D:\Applications\Git\cmd;D:\Applications\TortoiseSVN\bin;%CATALINA_HOME%\bin;&quot;C:\Users\张丽璇\AppData\Local\Microsoft\WindowsApps;D:\Applications\java\jdk\bin;D:\Applications\android\Java\jdk1.8.0_73\bin;D:\Applications\android\Java\jdk1.8.0_73\jre\bin;&quot;;D:\Applications\Fiddler;C:\Users\张丽璇\AppData\Local\Microsoft\WindowsApps;D:\Applications\maven\apache-maven-3.6.3\bin;D:\Applications\MySQL\MySQL Server 8.0\bin;D:\Applications\nodejs;D:\Applications\Microsoft VS Code\bin;C:\Windows\System32;;."/>
    <property name="java.vm.info" value="mixed mode"/>
    <property name="java.vendor" value="Oracle Corporation"/>
    <property name="java.vm.version" value="25.73-b02"/>
    <property name="java.ext.dirs" value="D:\Applications\android\Java\jdk1.8.0_73\jre\lib\ext;C:\WINDOWS\Sun\Java\lib\ext"/>
    <property name="sun.io.unicode.encoding" value="UnicodeLittle"/>
    <property name="maven.repo.local" value="D:\Applications\maven\maven-repository"/>
    <property name="java.class.version" value="52.0"/>
  </properties>
  <testcase name="contextLoads" classname="com.example.SpringbootQuickstartApplicationTests" time="0.677"/>
</testsuite>